2024-12-26 10:12:35.596 [warning] Via 'product.json#extensionEnabledApiProposals' extension 'ms-vscode.vscode-selfhost-test-provider' wants API proposal 'attributableCoverage' but that proposal DOES NOT EXIST. Likely, the proposal has been finalized (check 'vscode.d.ts') or was abandoned.
2024-12-26 10:12:35.597 [warning] Via 'product.json#extensionEnabledApiProposals' extension 'ms-python.python' wants API proposal 'contribIssueReporter' but that proposal DOES NOT EXIST. Likely, the proposal has been finalized (check 'vscode.d.ts') or was abandoned.
2024-12-26 10:12:35.597 [warning] Via 'product.json#extensionEnabledApiProposals' extension 'ms-python.debugpy' wants API proposal 'contribIssueReporter' but that proposal DOES NOT EXIST. Likely, the proposal has been finalized (check 'vscode.d.ts') or was abandoned.
2024-12-26 10:12:35.862 [info] Started local extension host with pid 65054.
2024-12-26 10:12:36.165 [info] Settings Sync: Account status changed from uninitialized to unavailable
2024-12-26 10:12:38.569 [info] [perf] Render performance baseline is 17ms
2024-12-26 10:12:46.131 [error] No default agent contributed: CodeExpectedError: No default agent contributed
    at $qe.R (vscode-file://vscode-app/opt/visual-studio-code/resources/app/out/vs/workbench/workbench.desktop.main.js:1952:25105)
2024-12-26 10:14:34.125 [error] [network] #85: https://marketplace.visualstudio.com/_apis/public/gallery/extensionquery - error POST Canceled
2024-12-26 10:14:34.125 [error] [network] #86: https://marketplace.visualstudio.com/_apis/public/gallery/extensionquery - error POST Canceled
2024-12-26 10:14:42.415 [error] [network] #90: https://marketplace.visualstudio.com/_apis/public/gallery/extensionquery - error POST Canceled
2024-12-26 10:14:52.219 [error] Extension 'ms-vscode.cpptools' wants API proposal 'lmTools' but that proposal DOES NOT EXIST. Likely, the proposal has been finalized (check 'vscode.d.ts') or was abandoned.
2024-12-26 10:15:41.284 [error] [network] #128: https://marketplace.visualstudio.com/_apis/public/gallery/extensionquery - error POST Canceled
2024-12-26 10:15:44.705 [error] [network] #132: https://marketplace.visualstudio.com/_apis/public/gallery/extensionquery - error POST Canceled
2024-12-26 10:15:48.532 [error] Unable to resolve nonexistent file 'vscode-userdata:/home/mintori/.config/Code/User/globalStorage/ms-vscode.cpptools': Error: Unable to resolve nonexistent file 'vscode-userdata:/home/mintori/.config/Code/User/globalStorage/ms-vscode.cpptools'
    at _ot.resolve (vscode-file://vscode-app/opt/visual-studio-code/resources/app/out/vs/workbench/workbench.desktop.main.js:3108:60549)
    at async BTt (vscode-file://vscode-app/opt/visual-studio-code/resources/app/out/vs/workbench/workbench.desktop.main.js:480:44682)
2024-12-26 10:15:58.771 [error] Unable to resolve nonexistent file 'vscode-userdata:/home/mintori/.config/Code/User/globalStorage/franneck94.c-cpp-runner': Error: Unable to resolve nonexistent file 'vscode-userdata:/home/mintori/.config/Code/User/globalStorage/franneck94.c-cpp-runner'
    at _ot.resolve (vscode-file://vscode-app/opt/visual-studio-code/resources/app/out/vs/workbench/workbench.desktop.main.js:3108:60549)
    at async BTt (vscode-file://vscode-app/opt/visual-studio-code/resources/app/out/vs/workbench/workbench.desktop.main.js:480:44682)
2024-12-26 10:15:59.953 [error] Unable to resolve nonexistent file 'vscode-userdata:/home/mintori/.config/Code/User/globalStorage/ms-vscode.cpptools': Error: Unable to resolve nonexistent file 'vscode-userdata:/home/mintori/.config/Code/User/globalStorage/ms-vscode.cpptools'
    at _ot.resolve (vscode-file://vscode-app/opt/visual-studio-code/resources/app/out/vs/workbench/workbench.desktop.main.js:3108:60549)
    at async BTt (vscode-file://vscode-app/opt/visual-studio-code/resources/app/out/vs/workbench/workbench.desktop.main.js:480:44682)
2024-12-26 10:16:13.302 [warning] [twxs.cmake]: Cannot register 'cmake.cmakePath'. This property is already registered.
2024-12-26 10:16:23.519 [warning] Settings pattern "issueReporter.*" doesn't match any settings
2024-12-26 10:16:57.639 [warning] Settings pattern "issueReporter.*" doesn't match any settings
2024-12-26 10:17:16.102 [warning] Via 'product.json#extensionEnabledApiProposals' extension 'ms-vscode.vscode-selfhost-test-provider' wants API proposal 'attributableCoverage' but that proposal DOES NOT EXIST. Likely, the proposal has been finalized (check 'vscode.d.ts') or was abandoned.
2024-12-26 10:17:16.103 [warning] Via 'product.json#extensionEnabledApiProposals' extension 'ms-python.python' wants API proposal 'contribIssueReporter' but that proposal DOES NOT EXIST. Likely, the proposal has been finalized (check 'vscode.d.ts') or was abandoned.
2024-12-26 10:17:16.103 [warning] Via 'product.json#extensionEnabledApiProposals' extension 'ms-python.debugpy' wants API proposal 'contribIssueReporter' but that proposal DOES NOT EXIST. Likely, the proposal has been finalized (check 'vscode.d.ts') or was abandoned.
2024-12-26 10:17:16.303 [info] Started local extension host with pid 66282.
2024-12-26 10:17:16.567 [error] Extension 'ms-vscode.cpptools' wants API proposal 'lmTools' but that proposal DOES NOT EXIST. Likely, the proposal has been finalized (check 'vscode.d.ts') or was abandoned.
2024-12-26 10:17:16.581 [warning] [twxs.cmake]: Cannot register 'cmake.cmakePath'. This property is already registered.
2024-12-26 10:17:16.664 [error] No default agent contributed: CodeExpectedError: No default agent contributed
    at $qe.R (vscode-file://vscode-app/opt/visual-studio-code/resources/app/out/vs/workbench/workbench.desktop.main.js:1952:25105)
2024-12-26 10:17:17.204 [info] Settings Sync: Account status changed from uninitialized to unavailable
2024-12-26 10:17:18.990 [info] [perf] Render performance baseline is 14ms
