2024-12-26 10:38:04.835 [warning] Via 'product.json#extensionEnabledApiProposals' extension 'ms-vscode.vscode-selfhost-test-provider' wants API proposal 'attributableCoverage' but that proposal DOES NOT EXIST. Likely, the proposal has been finalized (check 'vscode.d.ts') or was abandoned.
2024-12-26 10:38:04.835 [warning] Via 'product.json#extensionEnabledApiProposals' extension 'ms-python.python' wants API proposal 'contribIssueReporter' but that proposal DOES NOT EXIST. Likely, the proposal has been finalized (check 'vscode.d.ts') or was abandoned.
2024-12-26 10:38:04.836 [warning] Via 'product.json#extensionEnabledApiProposals' extension 'ms-python.debugpy' wants API proposal 'contribIssueReporter' but that proposal DOES NOT EXIST. Likely, the proposal has been finalized (check 'vscode.d.ts') or was abandoned.
2024-12-26 10:38:05.054 [info] Started local extension host with pid 77894.
2024-12-26 10:38:05.309 [error] Extension 'ms-vscode.cpptools' wants API proposal 'lmTools' but that proposal DOES NOT EXIST. Likely, the proposal has been finalized (check 'vscode.d.ts') or was abandoned.
2024-12-26 10:38:05.330 [warning] [twxs.cmake]: Cannot register 'cmake.cmakePath'. This property is already registered.
2024-12-26 10:38:05.948 [info] Settings Sync: Account status changed from uninitialized to unavailable
2024-12-26 10:38:07.781 [info] [perf] Render performance baseline is 15ms
2024-12-26 10:38:17.864 [warning] Settings pattern "issueReporter.*" doesn't match any settings
2024-12-26 10:38:18.058 [error] Method not found: toJSON: CodeExpectedError: Method not found: toJSON
    at Object.call (file:///opt/visual-studio-code/resources/app/out/main.js:36:4634)
    at uf.s (file:///opt/visual-studio-code/resources/app/out/main.js:34:19716)
    at uf.q (file:///opt/visual-studio-code/resources/app/out/main.js:34:19239)
    at zo.value (file:///opt/visual-studio-code/resources/app/out/main.js:34:18641)
    at A.B (file:///opt/visual-studio-code/resources/app/out/main.js:33:746)
    at A.C (file:///opt/visual-studio-code/resources/app/out/main.js:33:816)
    at A.fire (file:///opt/visual-studio-code/resources/app/out/main.js:33:1033)
    at zo.value (file:///opt/visual-studio-code/resources/app/out/main.js:28:4913)
    at A.B (file:///opt/visual-studio-code/resources/app/out/main.js:33:746)
    at A.fire (file:///opt/visual-studio-code/resources/app/out/main.js:33:964)
    at zo.value (file:///opt/visual-studio-code/resources/app/out/main.js:28:5101)
    at A.B (file:///opt/visual-studio-code/resources/app/out/main.js:33:746)
    at A.fire (file:///opt/visual-studio-code/resources/app/out/main.js:33:964)
    at U (file:///opt/visual-studio-code/resources/app/out/main.js:28:7388)
    at IpcMainImpl.i (file:///opt/visual-studio-code/resources/app/out/main.js:36:21224)
    at IpcMainImpl.emit (node:events:518:28)
    at WebContents.<anonymous> (node:electron/js2c/browser_init:2:85782)
    at WebContents.emit (node:events:518:28)
2024-12-26 10:38:19.314 [warning] Settings pattern "issueReporter.*" doesn't match any settings
2024-12-26 10:38:24.259 [error] Unable to write into the file. Please open the file to correct errors/warnings in the file and try again.: Error: Unable to write into the file. Please open the file to correct errors/warnings in the file and try again.
    at y9e.l (vscode-file://vscode-app/opt/visual-studio-code/resources/app/out/vs/workbench/workbench.desktop.main.js:1295:7625)
    at y9e.k (vscode-file://vscode-app/opt/visual-studio-code/resources/app/out/vs/workbench/workbench.desktop.main.js:1295:7572)
    at async y9e.e (vscode-file://vscode-app/opt/visual-studio-code/resources/app/out/vs/workbench/workbench.desktop.main.js:1295:6467)
2024-12-26 10:38:25.756 [warning] Settings pattern "issueReporter.*" doesn't match any settings
2024-12-26 10:40:19.434 [error] [network] #14: https://marketplace.visualstudio.com/_apis/public/gallery/extensionquery - error POST Canceled
2024-12-26 10:40:28.607 [warning] Settings pattern "issueReporter.*" doesn't match any settings
2024-12-26 10:40:31.931 [warning] Settings pattern "issueReporter.*" doesn't match any settings
2024-12-26 10:40:33.660 [warning] [ms-python.python]: Cannot register 'python.venvPath'. This property is already registered.
2024-12-26 10:40:34.230 [warning] Settings pattern "issueReporter.*" doesn't match any settings
2024-12-26 10:41:16.374 [error] [network] #23: https://marketplace.visualstudio.com/_apis/public/gallery/extensionquery - error POST Canceled
2024-12-26 10:41:21.208 [warning] Settings pattern "issueReporter.*" doesn't match any settings
2024-12-26 10:41:22.665 [warning] Settings pattern "issueReporter.*" doesn't match any settings
2024-12-26 10:41:48.624 [warning] Settings pattern "issueReporter.*" doesn't match any settings
2024-12-26 10:43:21.501 [warning] Settings pattern "issueReporter.*" doesn't match any settings
