2024-12-26 10:26:40.160 [info] Extension host with pid 72284 started
2024-12-26 10:26:40.228 [info] ExtensionService#_doActivateExtension vscode.github-authentication, startup: false, activationEvent: 'onAuthenticationRequest:github'
2024-12-26 10:26:40.259 [info] ExtensionService#_doActivateExtension vscode.emmet, startup: false, activationEvent: 'onLanguage'
2024-12-26 10:26:40.272 [info] ExtensionService#_doActivateExtension ms-vscode.cpptools, startup: false, activationEvent: 'onLanguage:cpp', root cause: franneck94.c-cpp-runner
2024-12-26 10:26:40.357 [info] ExtensionService#_doActivateExtension vadimcn.vscode-lldb, startup: false, activationEvent: 'onLanguage:cpp', root cause: franneck94.c-cpp-runner
2024-12-26 10:26:40.368 [info] ExtensionService#_doActivateExtension llvm-vs-code-extensions.vscode-clangd, startup: false, activationEvent: 'onLanguage:cpp'
2024-12-26 10:26:40.525 [info] ExtensionService#_doActivateExtension franneck94.c-cpp-runner, startup: false, activationEvent: 'onLanguage:cpp'
2024-12-26 10:26:40.606 [info] ExtensionService#_doActivateExtension vscode.git-base, startup: true, activationEvent: '*', root cause: vscode.git
2024-12-26 10:26:40.670 [info] ExtensionService#_doActivateExtension vscode.git, startup: true, activationEvent: '*'
2024-12-26 10:26:40.721 [info] ExtensionService#_doActivateExtension vscode.github, startup: true, activationEvent: '*'
2024-12-26 10:26:40.788 [info] Eager extensions activated
2024-12-26 10:26:40.798 [info] ExtensionService#_doActivateExtension vscode.debug-auto-launch, startup: false, activationEvent: 'onStartupFinished'
2024-12-26 10:26:40.805 [info] ExtensionService#_doActivateExtension vscode.merge-conflict, startup: false, activationEvent: 'onStartupFinished'
2024-12-26 10:26:56.953 [info] ExtensionService#_doActivateExtension vscode.configuration-editing, startup: false, activationEvent: 'onLanguage:jsonc'
2024-12-26 10:26:56.962 [info] ExtensionService#_doActivateExtension vscode.json-language-features, startup: false, activationEvent: 'onLanguage:jsonc'
2024-12-26 10:26:56.999 [info] ExtensionService#_doActivateExtension vscode.typescript-language-features, startup: false, activationEvent: 'onLanguage:jsonc'
2024-12-26 10:27:07.091 [info] Extension host terminating: renderer closed the MessagePort
2024-12-26 10:27:07.112 [error] Canceled: Canceled
	at new IT (file:///opt/visual-studio-code/resources/app/out/vs/workbench/api/node/extensionHostProcess.js:32:110702)
	at Dy.U (file:///opt/visual-studio-code/resources/app/out/vs/workbench/api/node/extensionHostProcess.js:32:115312)
	at s.<computed>.n.charCodeAt.s.<computed> (file:///opt/visual-studio-code/resources/app/out/vs/workbench/api/node/extensionHostProcess.js:32:112806)
	at cw.g (file:///opt/visual-studio-code/resources/app/out/vs/workbench/api/node/extensionHostProcess.js:115:32313)
	at cw.executeCommand (file:///opt/visual-studio-code/resources/app/out/vs/workbench/api/node/extensionHostProcess.js:115:31817)
	at r.registerCommand.description (file:///opt/visual-studio-code/resources/app/out/vs/workbench/api/node/extensionHostProcess.js:115:31147)
	at cw.h (file:///opt/visual-studio-code/resources/app/out/vs/workbench/api/node/extensionHostProcess.js:115:32833)
	at cw.g (file:///opt/visual-studio-code/resources/app/out/vs/workbench/api/node/extensionHostProcess.js:115:31910)
	at cw.executeCommand (file:///opt/visual-studio-code/resources/app/out/vs/workbench/api/node/extensionHostProcess.js:115:31817)
	at Object.executeCommand (file:///opt/visual-studio-code/resources/app/out/vs/workbench/api/node/extensionHostProcess.js:157:37484)
	at setContextValue (/home/mintori/.vscode/extensions/franneck94.c-cpp-runner-9.4.9/dist/main.js:5982:28)
	at Object.deactivate (/home/mintori/.vscode/extensions/franneck94.c-cpp-runner-9.4.9/dist/main.js:3869:39)
	at zz.eb (file:///opt/visual-studio-code/resources/app/out/vs/workbench/api/node/extensionHostProcess.js:119:11724)
	at file:///opt/visual-studio-code/resources/app/out/vs/workbench/api/node/extensionHostProcess.js:119:9874
	at Array.map (<anonymous>)
	at zz.$ (file:///opt/visual-studio-code/resources/app/out/vs/workbench/api/node/extensionHostProcess.js:119:9862)
	at zz.terminate (file:///opt/visual-studio-code/resources/app/out/vs/workbench/api/node/extensionHostProcess.js:119:10105)
	at QC.terminate (file:///opt/visual-studio-code/resources/app/out/vs/workbench/api/node/extensionHostProcess.js:120:1424)
	at Zi (file:///opt/visual-studio-code/resources/app/out/vs/workbench/api/node/extensionHostProcess.js:175:15080)
	at MessagePortMain.<anonymous> (file:///opt/visual-studio-code/resources/app/out/vs/workbench/api/node/extensionHostProcess.js:175:11628)
	at MessagePortMain.emit (node:events:518:28)
	at MessagePortMain._internalPort.emit (node:electron/js2c/utility_init:2:2949) setContext undefined
2024-12-26 10:27:07.113 [info] Extension host with pid 72284 exiting with code 0
